[ 2026-03-11 14:03:24,460 ] 97 werkzeug - INFO - [31m[1mWARNING: This is a development server. Do not use it in a production deployment. Use a production WSGI server instead.[0m
 * Running on all addresses (0.0.0.0)
 * Running on http://127.0.0.1:5000
 * Running on http://192.168.1.44:5000
[ 2026-03-11 14:03:24,460 ] 97 werkzeug - INFO - [33mPress CTRL+C to quit[0m
[ 2026-03-11 14:04:10,923 ] 97 werkzeug - INFO - 127.0.0.1 - - [11/Mar/2026 14:04:10] "GET / HTTP/1.1" 200 -
[ 2026-03-11 14:04:10,968 ] 97 werkzeug - INFO - 127.0.0.1 - - [11/Mar/2026 14:04:10] "[33mGET /favicon.ico HTTP/1.1[0m" 404 -
[ 2026-03-11 14:05:51,193 ] 97 werkzeug - INFO - 127.0.0.1 - - [11/Mar/2026 14:05:51] "GET /predictdata HTTP/1.1" 200 -
[ 2026-03-11 14:06:18,390 ] 875 app - ERROR - Exception on /predictdata [POST]
Traceback (most recent call last):
  File "C:\Users\Riyaz\OneDrive\Desktop\mlproject\src\pipeline\predict_pipeline.py", line 13, in predict
    model_path=os.path.join("artifacts","model.pkl")
               ^^
NameError: name 'os' is not defined. Did you forget to import 'os'?

During handling of the above exception, another exception occurred:

Traceback (most recent call last):
  File "C:\Users\Riyaz\OneDrive\Desktop\mlproject\.venv-1\Lib\site-packages\flask\app.py", line 1511, in wsgi_app
    response = self.full_dispatch_request()
  File "C:\Users\Riyaz\OneDrive\Desktop\mlproject\.venv-1\Lib\site-packages\flask\app.py", line 919, in full_dispatch_request
    rv = self.handle_user_exception(e)
  File "C:\Users\Riyaz\OneDrive\Desktop\mlproject\.venv-1\Lib\site-packages\flask\app.py", line 917, in full_dispatch_request
    rv = self.dispatch_request()
  File "C:\Users\Riyaz\OneDrive\Desktop\mlproject\.venv-1\Lib\site-packages\flask\app.py", line 902, in dispatch_request
    return self.ensure_sync(self.view_functions[rule.endpoint])(**view_args)  # type: ignore[no-any-return]
           ~~~~~~~~~~~~~~~~~~~~~~~~~~~~~~~~~~~~~~~~~~~~~~~~~~~~^^^^^^^^^^^^^
  File "C:\Users\Riyaz\OneDrive\Desktop\mlproject\app.py", line 39, in predict_datapoint
    results=predict_pipeline.predict(pred_df)
  File "C:\Users\Riyaz\OneDrive\Desktop\mlproject\src\pipeline\predict_pipeline.py", line 24, in predict
    raise CustomException(e,sys)
src.exception.CustomException: Error occured in python script name [C:\Users\Riyaz\OneDrive\Desktop\mlproject\src\pipeline\predict_pipeline.py] line number [13] error message[name 'os' is not defined]
[ 2026-03-11 14:06:18,396 ] 97 werkzeug - INFO - 127.0.0.1 - - [11/Mar/2026 14:06:18] "[35m[1mPOST /predictdata HTTP/1.1[0m" 500 -
[ 2026-03-11 14:06:47,229 ] 875 app - ERROR - Exception on /predictdata [POST]
Traceback (most recent call last):
  File "C:\Users\Riyaz\OneDrive\Desktop\mlproject\src\pipeline\predict_pipeline.py", line 13, in predict
    model_path=os.path.join("artifacts","model.pkl")
               ^^
NameError: name 'os' is not defined. Did you forget to import 'os'?

During handling of the above exception, another exception occurred:

Traceback (most recent call last):
  File "C:\Users\Riyaz\OneDrive\Desktop\mlproject\.venv-1\Lib\site-packages\flask\app.py", line 1511, in wsgi_app
    response = self.full_dispatch_request()
  File "C:\Users\Riyaz\OneDrive\Desktop\mlproject\.venv-1\Lib\site-packages\flask\app.py", line 919, in full_dispatch_request
    rv = self.handle_user_exception(e)
  File "C:\Users\Riyaz\OneDrive\Desktop\mlproject\.venv-1\Lib\site-packages\flask\app.py", line 917, in full_dispatch_request
    rv = self.dispatch_request()
  File "C:\Users\Riyaz\OneDrive\Desktop\mlproject\.venv-1\Lib\site-packages\flask\app.py", line 902, in dispatch_request
    return self.ensure_sync(self.view_functions[rule.endpoint])(**view_args)  # type: ignore[no-any-return]
           ~~~~~~~~~~~~~~~~~~~~~~~~~~~~~~~~~~~~~~~~~~~~~~~~~~~~^^^^^^^^^^^^^
  File "C:\Users\Riyaz\OneDrive\Desktop\mlproject\app.py", line 39, in predict_datapoint
    results=predict_pipeline.predict(pred_df)
  File "C:\Users\Riyaz\OneDrive\Desktop\mlproject\src\pipeline\predict_pipeline.py", line 24, in predict
    raise CustomException(e,sys)
src.exception.CustomException: Error occured in python script name [C:\Users\Riyaz\OneDrive\Desktop\mlproject\src\pipeline\predict_pipeline.py] line number [13] error message[name 'os' is not defined]
[ 2026-03-11 14:06:47,232 ] 97 werkzeug - INFO - 127.0.0.1 - - [11/Mar/2026 14:06:47] "[35m[1mPOST /predictdata HTTP/1.1[0m" 500 -
[ 2026-03-11 14:07:03,011 ] 875 app - ERROR - Exception on /predictdata [POST]
Traceback (most recent call last):
  File "C:\Users\Riyaz\OneDrive\Desktop\mlproject\src\pipeline\predict_pipeline.py", line 13, in predict
    model_path=os.path.join("artifacts","model.pkl")
               ^^
NameError: name 'os' is not defined. Did you forget to import 'os'?

During handling of the above exception, another exception occurred:

Traceback (most recent call last):
  File "C:\Users\Riyaz\OneDrive\Desktop\mlproject\.venv-1\Lib\site-packages\flask\app.py", line 1511, in wsgi_app
    response = self.full_dispatch_request()
  File "C:\Users\Riyaz\OneDrive\Desktop\mlproject\.venv-1\Lib\site-packages\flask\app.py", line 919, in full_dispatch_request
    rv = self.handle_user_exception(e)
  File "C:\Users\Riyaz\OneDrive\Desktop\mlproject\.venv-1\Lib\site-packages\flask\app.py", line 917, in full_dispatch_request
    rv = self.dispatch_request()
  File "C:\Users\Riyaz\OneDrive\Desktop\mlproject\.venv-1\Lib\site-packages\flask\app.py", line 902, in dispatch_request
    return self.ensure_sync(self.view_functions[rule.endpoint])(**view_args)  # type: ignore[no-any-return]
           ~~~~~~~~~~~~~~~~~~~~~~~~~~~~~~~~~~~~~~~~~~~~~~~~~~~~^^^^^^^^^^^^^
  File "C:\Users\Riyaz\OneDrive\Desktop\mlproject\app.py", line 39, in predict_datapoint
    results=predict_pipeline.predict(pred_df)
  File "C:\Users\Riyaz\OneDrive\Desktop\mlproject\src\pipeline\predict_pipeline.py", line 24, in predict
    raise CustomException(e,sys)
src.exception.CustomException: Error occured in python script name [C:\Users\Riyaz\OneDrive\Desktop\mlproject\src\pipeline\predict_pipeline.py] line number [13] error message[name 'os' is not defined]
[ 2026-03-11 14:07:03,014 ] 97 werkzeug - INFO - 127.0.0.1 - - [11/Mar/2026 14:07:03] "[35m[1mPOST /predictdata HTTP/1.1[0m" 500 -
[ 2026-03-11 14:07:23,675 ] 875 app - ERROR - Exception on /predictdata [POST]
Traceback (most recent call last):
  File "C:\Users\Riyaz\OneDrive\Desktop\mlproject\src\pipeline\predict_pipeline.py", line 13, in predict
    model_path=os.path.join("artifacts","model.pkl")
               ^^
NameError: name 'os' is not defined. Did you forget to import 'os'?

During handling of the above exception, another exception occurred:

Traceback (most recent call last):
  File "C:\Users\Riyaz\OneDrive\Desktop\mlproject\.venv-1\Lib\site-packages\flask\app.py", line 1511, in wsgi_app
    response = self.full_dispatch_request()
  File "C:\Users\Riyaz\OneDrive\Desktop\mlproject\.venv-1\Lib\site-packages\flask\app.py", line 919, in full_dispatch_request
    rv = self.handle_user_exception(e)
  File "C:\Users\Riyaz\OneDrive\Desktop\mlproject\.venv-1\Lib\site-packages\flask\app.py", line 917, in full_dispatch_request
    rv = self.dispatch_request()
  File "C:\Users\Riyaz\OneDrive\Desktop\mlproject\.venv-1\Lib\site-packages\flask\app.py", line 902, in dispatch_request
    return self.ensure_sync(self.view_functions[rule.endpoint])(**view_args)  # type: ignore[no-any-return]
           ~~~~~~~~~~~~~~~~~~~~~~~~~~~~~~~~~~~~~~~~~~~~~~~~~~~~^^^^^^^^^^^^^
  File "C:\Users\Riyaz\OneDrive\Desktop\mlproject\app.py", line 39, in predict_datapoint
    results=predict_pipeline.predict(pred_df)
  File "C:\Users\Riyaz\OneDrive\Desktop\mlproject\src\pipeline\predict_pipeline.py", line 24, in predict
    raise CustomException(e,sys)
src.exception.CustomException: Error occured in python script name [C:\Users\Riyaz\OneDrive\Desktop\mlproject\src\pipeline\predict_pipeline.py] line number [13] error message[name 'os' is not defined]
[ 2026-03-11 14:07:23,678 ] 97 werkzeug - INFO - 127.0.0.1 - - [11/Mar/2026 14:07:23] "[35m[1mPOST /predictdata HTTP/1.1[0m" 500 -
[ 2026-03-11 14:07:27,701 ] 875 app - ERROR - Exception on /predictdata [POST]
Traceback (most recent call last):
  File "C:\Users\Riyaz\OneDrive\Desktop\mlproject\src\pipeline\predict_pipeline.py", line 13, in predict
    model_path=os.path.join("artifacts","model.pkl")
               ^^
NameError: name 'os' is not defined. Did you forget to import 'os'?

During handling of the above exception, another exception occurred:

Traceback (most recent call last):
  File "C:\Users\Riyaz\OneDrive\Desktop\mlproject\.venv-1\Lib\site-packages\flask\app.py", line 1511, in wsgi_app
    response = self.full_dispatch_request()
  File "C:\Users\Riyaz\OneDrive\Desktop\mlproject\.venv-1\Lib\site-packages\flask\app.py", line 919, in full_dispatch_request
    rv = self.handle_user_exception(e)
  File "C:\Users\Riyaz\OneDrive\Desktop\mlproject\.venv-1\Lib\site-packages\flask\app.py", line 917, in full_dispatch_request
    rv = self.dispatch_request()
  File "C:\Users\Riyaz\OneDrive\Desktop\mlproject\.venv-1\Lib\site-packages\flask\app.py", line 902, in dispatch_request
    return self.ensure_sync(self.view_functions[rule.endpoint])(**view_args)  # type: ignore[no-any-return]
           ~~~~~~~~~~~~~~~~~~~~~~~~~~~~~~~~~~~~~~~~~~~~~~~~~~~~^^^^^^^^^^^^^
  File "C:\Users\Riyaz\OneDrive\Desktop\mlproject\app.py", line 39, in predict_datapoint
    results=predict_pipeline.predict(pred_df)
  File "C:\Users\Riyaz\OneDrive\Desktop\mlproject\src\pipeline\predict_pipeline.py", line 24, in predict
    raise CustomException(e,sys)
src.exception.CustomException: Error occured in python script name [C:\Users\Riyaz\OneDrive\Desktop\mlproject\src\pipeline\predict_pipeline.py] line number [13] error message[name 'os' is not defined]
[ 2026-03-11 14:07:27,704 ] 97 werkzeug - INFO - 127.0.0.1 - - [11/Mar/2026 14:07:27] "[35m[1mPOST /predictdata HTTP/1.1[0m" 500 -
[ 2026-03-11 14:07:45,050 ] 875 app - ERROR - Exception on /predictdata [POST]
Traceback (most recent call last):
  File "C:\Users\Riyaz\OneDrive\Desktop\mlproject\src\pipeline\predict_pipeline.py", line 13, in predict
    model_path=os.path.join("artifacts","model.pkl")
               ^^
NameError: name 'os' is not defined. Did you forget to import 'os'?

During handling of the above exception, another exception occurred:

Traceback (most recent call last):
  File "C:\Users\Riyaz\OneDrive\Desktop\mlproject\.venv-1\Lib\site-packages\flask\app.py", line 1511, in wsgi_app
    response = self.full_dispatch_request()
  File "C:\Users\Riyaz\OneDrive\Desktop\mlproject\.venv-1\Lib\site-packages\flask\app.py", line 919, in full_dispatch_request
    rv = self.handle_user_exception(e)
  File "C:\Users\Riyaz\OneDrive\Desktop\mlproject\.venv-1\Lib\site-packages\flask\app.py", line 917, in full_dispatch_request
    rv = self.dispatch_request()
  File "C:\Users\Riyaz\OneDrive\Desktop\mlproject\.venv-1\Lib\site-packages\flask\app.py", line 902, in dispatch_request
    return self.ensure_sync(self.view_functions[rule.endpoint])(**view_args)  # type: ignore[no-any-return]
           ~~~~~~~~~~~~~~~~~~~~~~~~~~~~~~~~~~~~~~~~~~~~~~~~~~~~^^^^^^^^^^^^^
  File "C:\Users\Riyaz\OneDrive\Desktop\mlproject\app.py", line 39, in predict_datapoint
    results=predict_pipeline.predict(pred_df)
  File "C:\Users\Riyaz\OneDrive\Desktop\mlproject\src\pipeline\predict_pipeline.py", line 24, in predict
    raise CustomException(e,sys)
src.exception.CustomException: Error occured in python script name [C:\Users\Riyaz\OneDrive\Desktop\mlproject\src\pipeline\predict_pipeline.py] line number [13] error message[name 'os' is not defined]
[ 2026-03-11 14:07:45,053 ] 97 werkzeug - INFO - 127.0.0.1 - - [11/Mar/2026 14:07:45] "[35m[1mPOST /predictdata HTTP/1.1[0m" 500 -
[ 2026-03-11 14:08:57,339 ] 875 app - ERROR - Exception on /predictdata [POST]
Traceback (most recent call last):
  File "C:\Users\Riyaz\OneDrive\Desktop\mlproject\src\pipeline\predict_pipeline.py", line 13, in predict
    model_path=os.path.join("artifacts","model.pkl")
               ^^
NameError: name 'os' is not defined. Did you forget to import 'os'?

During handling of the above exception, another exception occurred:

Traceback (most recent call last):
  File "C:\Users\Riyaz\OneDrive\Desktop\mlproject\.venv-1\Lib\site-packages\flask\app.py", line 1511, in wsgi_app
    response = self.full_dispatch_request()
  File "C:\Users\Riyaz\OneDrive\Desktop\mlproject\.venv-1\Lib\site-packages\flask\app.py", line 919, in full_dispatch_request
    rv = self.handle_user_exception(e)
  File "C:\Users\Riyaz\OneDrive\Desktop\mlproject\.venv-1\Lib\site-packages\flask\app.py", line 917, in full_dispatch_request
    rv = self.dispatch_request()
  File "C:\Users\Riyaz\OneDrive\Desktop\mlproject\.venv-1\Lib\site-packages\flask\app.py", line 902, in dispatch_request
    return self.ensure_sync(self.view_functions[rule.endpoint])(**view_args)  # type: ignore[no-any-return]
           ~~~~~~~~~~~~~~~~~~~~~~~~~~~~~~~~~~~~~~~~~~~~~~~~~~~~^^^^^^^^^^^^^
  File "C:\Users\Riyaz\OneDrive\Desktop\mlproject\app.py", line 39, in predict_datapoint
    results=predict_pipeline.predict(pred_df)
  File "C:\Users\Riyaz\OneDrive\Desktop\mlproject\src\pipeline\predict_pipeline.py", line 24, in predict
    raise CustomException(e,sys)
src.exception.CustomException: Error occured in python script name [C:\Users\Riyaz\OneDrive\Desktop\mlproject\src\pipeline\predict_pipeline.py] line number [13] error message[name 'os' is not defined]
[ 2026-03-11 14:08:57,342 ] 97 werkzeug - INFO - 127.0.0.1 - - [11/Mar/2026 14:08:57] "[35m[1mPOST /predictdata HTTP/1.1[0m" 500 -
