[ 2026-03-11 14:17:45,932 ] 97 werkzeug - INFO - [31m[1mWARNING: This is a development server. Do not use it in a production deployment. Use a production WSGI server instead.[0m
 * Running on all addresses (0.0.0.0)
 * Running on http://127.0.0.1:5000
 * Running on http://192.168.1.44:5000
[ 2026-03-11 14:17:45,933 ] 97 werkzeug - INFO - [33mPress CTRL+C to quit[0m
[ 2026-03-11 14:17:51,203 ] 875 app - ERROR - Exception on /predictdata [POST]
Traceback (most recent call last):
  File "C:\Users\Riyaz\OneDrive\Desktop\mlproject\.venv-1\Lib\site-packages\flask\app.py", line 1511, in wsgi_app
    response = self.full_dispatch_request()
  File "C:\Users\Riyaz\OneDrive\Desktop\mlproject\.venv-1\Lib\site-packages\flask\app.py", line 919, in full_dispatch_request
    rv = self.handle_user_exception(e)
  File "C:\Users\Riyaz\OneDrive\Desktop\mlproject\.venv-1\Lib\site-packages\flask\app.py", line 917, in full_dispatch_request
    rv = self.dispatch_request()
  File "C:\Users\Riyaz\OneDrive\Desktop\mlproject\.venv-1\Lib\site-packages\flask\app.py", line 902, in dispatch_request
    return self.ensure_sync(self.view_functions[rule.endpoint])(**view_args)  # type: ignore[no-any-return]
           ~~~~~~~~~~~~~~~~~~~~~~~~~~~~~~~~~~~~~~~~~~~~~~~~~~~~^^^^^^^^^^^^^
  File "C:\Users\Riyaz\OneDrive\Desktop\mlproject\app.py", line 45, in predict_datapoint
    return render_template('home.html', results=results[0])
                                                ~~~~~~~^^^
IndexError: invalid index to scalar variable.
[ 2026-03-11 14:17:51,238 ] 97 werkzeug - INFO - 127.0.0.1 - - [11/Mar/2026 14:17:51] "[35m[1mPOST /predictdata HTTP/1.1[0m" 500 -
